[2026-03-18T21:00:00.001Z] === Daily auto-prune triggered ===
[2026-03-18T21:00:11.370Z] === Prune started ===
[2026-03-18T21:00:11.370Z] SYSTEM PRUNE:
[2026-03-18T21:00:11.370Z] === Done. 0 errors. ===
[2026-03-19T21:00:00.049Z] === Daily auto-prune triggered ===
[2026-03-19T21:00:04.757Z] === Prune started ===
[2026-03-19T21:00:04.757Z] SYSTEM PRUNE:
[2026-03-19T21:00:04.757Z] === Done. 0 errors. ===
[2026-03-20T21:00:00.002Z] === Daily auto-prune triggered ===
[2026-03-20T21:00:04.356Z] === Prune started ===
[2026-03-20T21:00:04.356Z] SYSTEM PRUNE:
[2026-03-20T21:00:04.356Z] === Done. 0 errors. ===
[2026-03-21T21:00:00.001Z] === Daily auto-prune triggered ===
[2026-03-21T21:00:03.730Z] === Prune started ===
[2026-03-21T21:00:03.730Z] SYSTEM PRUNE:
[2026-03-21T21:00:03.730Z] === Done. 0 errors. ===
[2026-03-22T21:00:00.000Z] === Daily auto-prune triggered ===
[2026-03-22T21:00:07.099Z] === Prune started ===
[2026-03-22T21:00:07.099Z] SYSTEM PRUNE:
[2026-03-22T21:00:07.099Z] === Done. 0 errors. ===
[2026-03-23T10:47:55.654Z] === Prune started ===
[2026-03-23T10:47:55.654Z] SYSTEM PRUNE:
[2026-03-23T10:47:55.654Z] === Done. 0 errors. ===
[2026-03-23T10:57:40.776Z] === Prune started ===
[2026-03-23T10:57:40.776Z] SYSTEM PRUNE:
[2026-03-23T10:57:40.776Z] === Done. 0 errors. ===
[2026-03-23T13:56:16.510Z] === Prune started ===
[2026-03-23T13:56:16.510Z] SYSTEM PRUNE:
[2026-03-23T13:56:16.510Z] VOLUME PRUNE:
[2026-03-23T13:56:16.510Z] === Done. 0 errors. ===
[2026-03-24T21:00:00.003Z] === Daily auto-prune triggered ===
[2026-03-24T21:00:01.261Z] Nothing to prune.
[2026-03-25T21:00:00.024Z] === Daily auto-prune triggered ===
[2026-03-25T21:00:26.035Z] === Prune started ===
[2026-03-25T21:00:26.035Z] SYSTEM PRUNE:
[2026-03-25T21:00:26.035Z] VOLUME PRUNE:
[2026-03-25T21:00:26.035Z] === Done. 0 errors. ===
[2026-03-26T21:00:00.000Z] === Daily auto-prune triggered ===
[2026-03-26T21:00:01.268Z] === Prune started ===
[2026-03-26T21:00:01.268Z] SYSTEM PRUNE:
[2026-03-26T21:00:01.268Z] VOLUME PRUNE:
[2026-03-26T21:00:01.268Z] === Done. 0 errors. ===
[2026-03-27T21:00:00.000Z] === Daily auto-prune triggered ===
[2026-03-27T21:00:31.185Z] === Prune started ===
[2026-03-27T21:00:31.185Z] SYSTEM PRUNE:
[2026-03-27T21:00:31.185Z] VOLUME PRUNE:
[2026-03-27T21:00:31.185Z] === Done. 0 errors. ===
[2026-03-29T21:00:00.003Z] === Daily auto-prune triggered ===
[2026-03-29T21:00:21.063Z] === Prune started ===
[2026-03-29T21:00:21.063Z] SYSTEM PRUNE:
[2026-03-29T21:00:21.063Z] VOLUME PRUNE:
[2026-03-29T21:00:21.063Z] === Done. 0 errors. ===
[2026-03-30T21:00:00.001Z] === Daily auto-prune triggered ===
[2026-03-30T21:00:00.830Z] Nothing to prune.
[2026-03-31T21:00:00.000Z] === Daily auto-prune triggered ===
[2026-03-31T21:00:01.130Z] Nothing to prune.
[2026-04-01T21:00:00.001Z] === Daily auto-prune triggered ===
[2026-04-01T21:00:00.787Z] Nothing to prune.
[2026-04-02T21:00:00.002Z] === Daily auto-prune triggered ===
[2026-04-02T21:00:00.967Z] Nothing to prune.
[2026-04-03T08:41:39.773Z] === Prune started ===
[2026-04-03T08:41:39.773Z] SYSTEM PRUNE:
[2026-04-03T08:41:39.773Z] VOLUME PRUNE:
[2026-04-03T08:41:39.773Z] === Done. 0 errors. ===
[2026-04-03T16:13:50.365Z] === Prune started ===
[2026-04-03T16:13:50.365Z] SYSTEM PRUNE:
[2026-04-03T16:13:50.365Z] VOLUME PRUNE:
[2026-04-03T16:13:50.365Z] === Done. 0 errors. ===
